This is pdfTeX, Version 3.14159265-2.6-1.40.17 (MiKTeX 2.9) (preloaded format=pdflatex 2016.8.7)  28 OCT 2016 14:08
entering extended mode
**./BSProjectReport.tex
(BSProjectReport.tex
LaTeX2e <2016/03/31> patch level 1
Babel <3.9r> and hyphenation patterns for 75 language(s) loaded.
("C:\Program Files (x86)\MiKTeX 2.9\tex\latex\base\report.cls"
Document Class: report 2014/09/29 v1.4h Standard LaTeX document class
("C:\Program Files (x86)\MiKTeX 2.9\tex\latex\base\size10.clo"
File: size10.clo 2014/09/29 v1.4h Standard LaTeX file (size option)
)
\c@part=\count79
\c@chapter=\count80
\c@section=\count81
\c@subsection=\count82
\c@subsubsection=\count83
\c@paragraph=\count84
\c@subparagraph=\count85
\c@figure=\count86
\c@table=\count87
\abovecaptionskip=\skip41
\belowcaptionskip=\skip42
\bibindent=\dimen102
)
("C:\Program Files (x86)\MiKTeX 2.9\tex\latex\graphics\graphicx.sty"
Package: graphicx 2014/10/28 v1.0g Enhanced LaTeX Graphics (DPC,SPQR)

("C:\Program Files (x86)\MiKTeX 2.9\tex\latex\graphics\keyval.sty"
Package: keyval 2014/10/28 v1.15 key=value parser (DPC)
\KV@toks@=\toks14
)
("C:\Program Files (x86)\MiKTeX 2.9\tex\latex\graphics\graphics.sty"
Package: graphics 2016/06/02 v1.0s Standard LaTeX Graphics (DPC,SPQR)

("C:\Program Files (x86)\MiKTeX 2.9\tex\latex\graphics\trig.sty"
Package: trig 2016/01/03 v1.10 sin cos tan (DPC)
)
("C:\Program Files (x86)\MiKTeX 2.9\tex\latex\00miktex\graphics.cfg"
File: graphics.cfg 2016/06/04 v1.11 sample graphics configuration
)
Package graphics Info: Driver file: pdftex.def on input line 99.

("C:\Program Files (x86)\MiKTeX 2.9\tex\latex\pdftex-def\pdftex.def"
File: pdftex.def 2016/06/17 v0.06h Graphics/color for pdfTeX

("C:\Program Files (x86)\MiKTeX 2.9\tex\generic\oberdiek\infwarerr.sty"
Package: infwarerr 2016/05/16 v1.4 Providing info/warning/error messages (HO)
)
("C:\Program Files (x86)\MiKTeX 2.9\tex\generic\oberdiek\ltxcmds.sty"
Package: ltxcmds 2016/05/16 v1.23 LaTeX kernel commands for general use (HO)
)
\Gread@gobject=\count88
))
\Gin@req@height=\dimen103
\Gin@req@width=\dimen104
)
(BSProjectReport.aux)
\openout1 = `BSProjectReport.aux'.

LaTeX Font Info:    Checking defaults for OML/cmm/m/it on input line 5.
LaTeX Font Info:    ... okay on input line 5.
LaTeX Font Info:    Checking defaults for T1/cmr/m/n on input line 5.
LaTeX Font Info:    ... okay on input line 5.
LaTeX Font Info:    Checking defaults for OT1/cmr/m/n on input line 5.
LaTeX Font Info:    ... okay on input line 5.
LaTeX Font Info:    Checking defaults for OMS/cmsy/m/n on input line 5.
LaTeX Font Info:    ... okay on input line 5.
LaTeX Font Info:    Checking defaults for OMX/cmex/m/n on input line 5.
LaTeX Font Info:    ... okay on input line 5.
LaTeX Font Info:    Checking defaults for U/cmr/m/n on input line 5.
LaTeX Font Info:    ... okay on input line 5.

("C:\Program Files (x86)\MiKTeX 2.9\tex\context\base\supp-pdf.mkii"
[Loading MPS to PDF converter (version 2006.09.02).]
\scratchcounter=\count89
\scratchdimen=\dimen105
\scratchbox=\box26
\nofMPsegments=\count90
\nofMParguments=\count91
\everyMPshowfont=\toks15
\MPscratchCnt=\count92
\MPscratchDim=\dimen106
\MPnumerator=\count93
\makeMPintoPDFobject=\count94
\everyMPtoPDFconversion=\toks16
) ("C:\Program Files (x86)\MiKTeX 2.9\tex\generic\oberdiek\pdftexcmds.sty"
Package: pdftexcmds 2016/05/21 v0.22 Utility functions of pdfTeX for LuaTeX (HO
)

("C:\Program Files (x86)\MiKTeX 2.9\tex\generic\oberdiek\ifluatex.sty"
Package: ifluatex 2016/05/16 v1.4 Provides the ifluatex switch (HO)
Package ifluatex Info: LuaTeX not detected.
)
("C:\Program Files (x86)\MiKTeX 2.9\tex\generic\oberdiek\ifpdf.sty"
Package: ifpdf 2016/05/14 v3.1 Provides the ifpdf switch
)
Package pdftexcmds Info: LuaTeX not detected.
Package pdftexcmds Info: \pdf@primitive is available.
Package pdftexcmds Info: \pdf@ifprimitive is available.
Package pdftexcmds Info: \pdfdraftmode found.
)
("C:\Program Files (x86)\MiKTeX 2.9\tex\latex\oberdiek\epstopdf-base.sty"
Package: epstopdf-base 2016/05/15 v2.6 Base part for package epstopdf

("C:\Program Files (x86)\MiKTeX 2.9\tex\latex\oberdiek\grfext.sty"
Package: grfext 2016/05/16 v1.2 Manage graphics extensions (HO)

("C:\Program Files (x86)\MiKTeX 2.9\tex\generic\oberdiek\kvdefinekeys.sty"
Package: kvdefinekeys 2016/05/16 v1.4 Define keys (HO)
))
("C:\Program Files (x86)\MiKTeX 2.9\tex\latex\oberdiek\kvoptions.sty"
Package: kvoptions 2016/05/16 v3.12 Key value format for package options (HO)

("C:\Program Files (x86)\MiKTeX 2.9\tex\generic\oberdiek\kvsetkeys.sty"
Package: kvsetkeys 2016/05/16 v1.17 Key value parser (HO)

("C:\Program Files (x86)\MiKTeX 2.9\tex\generic\oberdiek\etexcmds.sty"
Package: etexcmds 2016/05/16 v1.6 Avoid name clashes with e-TeX commands (HO)
Package etexcmds Info: Could not find \expanded.
(etexcmds)             That can mean that you are not using pdfTeX 1.50 or
(etexcmds)             that some package has redefined \expanded.
(etexcmds)             In the latter case, load this package earlier.
)))
Package epstopdf-base Info: Redefining graphics rule for `.eps' on input line 4
38.
Package grfext Info: Graphics extension search list:
(grfext)             [.png,.pdf,.jpg,.mps,.jpeg,.jbig2,.jb2,.PNG,.PDF,.JPG,.JPE
G,.JBIG2,.JB2,.eps]
(grfext)             \AppendGraphicsExtensions on input line 456.
)
LaTeX Font Info:    External font `cmex10' loaded for size
(Font)              <12> on input line 9.
LaTeX Font Info:    External font `cmex10' loaded for size
(Font)              <8> on input line 9.
LaTeX Font Info:    External font `cmex10' loaded for size
(Font)              <6> on input line 9.

[1

{C:/ProgramData/MiKTeX/2.9/pdftex/config/pdftex.map}] (BSProjectReport.toc
LaTeX Font Info:    External font `cmex10' loaded for size
(Font)              <7> on input line 1.
LaTeX Font Info:    External font `cmex10' loaded for size
(Font)              <5> on input line 1.
)
\tf@toc=\write3
\openout3 = `BSProjectReport.toc'.


[1

] [2] <per.jpeg, id=16, 570.13pt x 321.2pt>
File: per.jpeg Graphic file (type jpg)
 <use per.jpeg>
Package pdftex.def Info: per.jpeg used on input line 31.
(pdftex.def)             Requested size: 216.81pt x 122.14548pt.
 [3 <./per.jpeg>]
Underfull \hbox (badness 10000) in paragraph at lines 45--46

 []

<Object1.jpg, id=21, 200.24812pt x 611.28375pt>
File: Object1.jpg Graphic file (type jpg)
 <use Object1.jpg>
Package pdftex.def Info: Object1.jpg used on input line 47.
(pdftex.def)             Requested size: 72.26999pt x 220.61229pt.

<Object1-2.jpg, id=22, 398.99063pt x 289.08pt>
File: Object1-2.jpg Graphic file (type jpg)
 <use Object1-2.jpg>
Package pdftex.def Info: Object1-2.jpg used on input line 48.
(pdftex.def)             Requested size: 216.81pt x 157.08452pt.

<Object2.jpg, id=23, 963.6pt x 544.28343pt>
File: Object2.jpg Graphic file (type jpg)
 <use Object2.jpg>
Package pdftex.def Info: Object2.jpg used on input line 53.
(pdftex.def)             Requested size: 216.81pt x 122.45848pt.
 [4 <./Object1.jpg> <./Object1-2.jpg>]
Underfull \hbox (badness 10000) in paragraph at lines 57--58

 []

<Object3.jpg, id=27, 963.6pt x 544.28343pt>
File: Object3.jpg Graphic file (type jpg)
 <use Object3.jpg>
Package pdftex.def Info: Object3.jpg used on input line 59.
(pdftex.def)             Requested size: 216.81pt x 122.45848pt.
 [5 <./Object2.jpg> <./Object3.jpg>] <Object4.jpg, id=31, 544.28343pt x 963.6pt
>
File: Object4.jpg Graphic file (type jpg)

<use Object4.jpg>
Package pdftex.def Info: Object4.jpg used on input line 66.
(pdftex.def)             Requested size: 144.54pt x 255.88211pt.
 <Object5.jpg, id=32, 544.28343pt x 963.6pt>
File: Object5.jpg Graphic file (type jpg)

<use Object5.jpg>
Package pdftex.def Info: Object5.jpg used on input line 67.
(pdftex.def)             Requested size: 144.54pt x 255.88211pt.
 <Object6.jpg, id=33, 485.56406pt x 521.69907pt>
File: Object6.jpg Graphic file (type jpg)

<use Object6.jpg>
Package pdftex.def Info: Object6.jpg used on input line 71.
(pdftex.def)             Requested size: 144.54pt x 155.29297pt.
 [6 <./Object4.jpg> <./Object5.jpg> <./Object6.jpg>]
<Object7.jpg, id=40, 544.28343pt x 963.6pt>
File: Object7.jpg Graphic file (type jpg)
 <use Object7.jpg>
Package pdftex.def Info: Object7.jpg used on input line 80.
(pdftex.def)             Requested size: 216.81pt x 383.8305pt.

<Object8.jpg, id=41, 544.28343pt x 963.6pt>
File: Object8.jpg Graphic file (type jpg)
 <use Object8.jpg>
Package pdftex.def Info: Object8.jpg used on input line 84.
(pdftex.def)             Requested size: 216.81pt x 383.8305pt.
 [7 <./Object7.jpg>] [8 <./Object8.jpg>] (BSProjectReport.aux) ) 
Here is how much of TeX's memory you used:
 1564 strings out of 493335
 22298 string characters out of 3136672
 81597 words of memory out of 3000000
 5090 multiletter control sequences out of 15000+200000
 8847 words of font info for 31 fonts, out of 3000000 for 9000
 1141 hyphenation exceptions out of 8191
 40i,6n,25p,954b,179s stack positions out of 5000i,500n,10000p,200000b,50000s
<C:/Program Fil
es (x86)/MiKTeX 2.9/fonts/type1/public/amsfonts/cm/cmbx10.pfb><C:/Program Files
 (x86)/MiKTeX 2.9/fonts/type1/public/amsfonts/cm/cmbx12.pfb><C:/Program Files (
x86)/MiKTeX 2.9/fonts/type1/public/amsfonts/cm/cmmi10.pfb><C:/Program Files (x8
6)/MiKTeX 2.9/fonts/type1/public/amsfonts/cm/cmr10.pfb><C:/Program Files (x86)/
MiKTeX 2.9/fonts/type1/public/amsfonts/cm/cmr12.pfb><C:/Program Files (x86)/MiK
TeX 2.9/fonts/type1/public/amsfonts/cm/cmr17.pfb><C:/Program Files (x86)/MiKTeX
 2.9/fonts/type1/public/amsfonts/cm/cmr7.pfb><C:/Program Files (x86)/MiKTeX 2.9
/fonts/type1/public/amsfonts/cm/cmsy10.pfb><C:/Program Files (x86)/MiKTeX 2.9/f
onts/type1/public/amsfonts/cm/cmti10.pfb>
Output written on BSProjectReport.pdf (9 pages, 600651 bytes).
PDF statistics:
 78 PDF objects out of 1000 (max. 8388607)
 0 named destinations out of 1000 (max. 500000)
 51 words of extra memory for PDF output out of 10000 (max. 10000000)

